<?xml version="1.0" encoding="UTF-8"?>
<!-- Generated by org.testng.reporters.JUnitReportReporter -->
<testsuite skipped="0" name="com.framework.test.draganddroptest" tests="1" failures="0" timestamp="15 Sep 2017 10:36:48 GMT" time="15.260" errors="0">
  <testcase name="drag" time="15.260" classname="com.framework.test.draganddroptest"/>
</testsuite> <!-- com.framework.test.draganddroptest -->
