<?xml version="1.0" encoding="UTF-8"?>
<!-- Generated by org.testng.reporters.JUnitReportReporter -->
<testsuite skipped="0" name="com.framework.test.Hometest" tests="1" failures="0" timestamp="15 Sep 2017 10:08:05 GMT" time="43.729" errors="0">
  <testcase name="hlogin" time="43.729" classname="com.framework.test.Hometest"/>
</testsuite> <!-- com.framework.test.Hometest -->
